0 info it worked if it ends with ok
1 verbose cli [ 'D:\\nodejs\\node.exe',
1 verbose cli   'D:\\nodejs\\node_modules\\npm\\bin\\npm-cli.js',
1 verbose cli   'start' ]
2 info using npm@3.10.10
3 info using node@v8.2.1
4 verbose run-script [ 'prestart', 'start', 'poststart' ]
5 info lifecycle mysql@0.0.0~prestart: mysql@0.0.0
6 silly lifecycle mysql@0.0.0~prestart: no script for prestart, continuing
7 info lifecycle mysql@0.0.0~start: mysql@0.0.0
8 verbose lifecycle mysql@0.0.0~start: unsafe-perm in lifecycle true
9 verbose lifecycle mysql@0.0.0~start: PATH: D:\nodejs\node_modules\npm\bin\node-gyp-bin;C:\Users\Administrator\Desktop\node-user_login_reg\node_modules\.bin;C:\ProgramData\Oracle\Java\javapath;C:\windows\system32;C:\windows;C:\windows\System32\Wbem;C:\windows\System32\WindowsPowerShell\v1.0\;D:\Git\cmd;D:\mysql\bin;D:\nodejs\;C:\Program Files\Intel\WiFi\bin\;C:\Program Files\Common Files\Intel\WirelessCommon\;C:\Program Files (x86)\AMD\ATI.ACE\Core-Static;C:\Users\Administrator\AppData\Roaming\npm;C:\Users\Administrator\AppData\Local\Microsoft\WindowsApps;C:\Users\Administrator\AppData\Roaming\npm;C:\Program Files\Intel\WiFi\bin\;C:\Program Files\Common Files\Intel\WirelessCommon\
10 verbose lifecycle mysql@0.0.0~start: CWD: C:\Users\Administrator\Desktop\node-user_login_reg
11 silly lifecycle mysql@0.0.0~start: Args: [ '/d /s /c', 'node ./bin/www' ]
12 silly lifecycle mysql@0.0.0~start: Returned: code: 3221225786  signal: null
13 info lifecycle mysql@0.0.0~start: Failed to exec start script
14 verbose stack Error: mysql@0.0.0 start: `node ./bin/www`
14 verbose stack Exit status 3221225786
14 verbose stack     at EventEmitter.<anonymous> (D:\nodejs\node_modules\npm\lib\utils\lifecycle.js:255:16)
14 verbose stack     at emitTwo (events.js:125:13)
14 verbose stack     at EventEmitter.emit (events.js:213:7)
14 verbose stack     at ChildProcess.<anonymous> (D:\nodejs\node_modules\npm\lib\utils\spawn.js:40:14)
14 verbose stack     at emitTwo (events.js:125:13)
14 verbose stack     at ChildProcess.emit (events.js:213:7)
14 verbose stack     at maybeClose (internal/child_process.js:921:16)
14 verbose stack     at Process.ChildProcess._handle.onexit (internal/child_process.js:211:5)
15 verbose pkgid mysql@0.0.0
16 verbose cwd C:\Users\Administrator\Desktop\node-user_login_reg
17 error Windows_NT 10.0.14393
18 error argv "D:\\nodejs\\node.exe" "D:\\nodejs\\node_modules\\npm\\bin\\npm-cli.js" "start"
19 error node v8.2.1
20 error npm  v3.10.10
21 error code ELIFECYCLE
22 error mysql@0.0.0 start: `node ./bin/www`
22 error Exit status 3221225786
23 error Failed at the mysql@0.0.0 start script 'node ./bin/www'.
23 error Make sure you have the latest version of node.js and npm installed.
23 error If you do, this is most likely a problem with the mysql package,
23 error not with npm itself.
23 error Tell the author that this fails on your system:
23 error     node ./bin/www
23 error You can get information on how to open an issue for this project with:
23 error     npm bugs mysql
23 error Or if that isn't available, you can get their info via:
23 error     npm owner ls mysql
23 error There is likely additional logging output above.
24 verbose exit [ 1, true ]
